<?xml version="1.0" encoding="UTF-8"?>
<!-- Generated by org.testng.reporters.JUnitXMLReporter -->
<testsuite hostname="PNL-1H883H2" ignored="7" name="DemoAutomation" tests="1" failures="1" timestamp="05 Nov 2019 09:35:49 GMT" time="172.167" errors="0">
  <testcase name="createNoncatalogRequisition" time="169.895" classname="com.client.xenon.tests.P2PTestCases">
    <failure type="java.lang.AssertionError" message="Element is not found.">
      <![CDATA[java.lang.AssertionError: Element is not found.
	at org.testng.Assert.fail(Assert.java:94)
	at com.xenon.utility.selenium.Elements.clickMethod(Elements.java:244)
	at com.xenon.utility.selenium.Elements.click(Elements.java:233)
	at com.client.xenon.operations.P2POperations.createNoncatalogRequisition(P2POperations.java:101)
	at com.client.xenon.tests.P2PTestCases.createNoncatalogRequisition(P2PTestCases.java:45)
	at sun.reflect.NativeMethodAccessorImpl.invoke0(Native Method)
	at sun.reflect.NativeMethodAccessorImpl.invoke(Unknown Source)
	at sun.reflect.DelegatingMethodAccessorImpl.invoke(Unknown Source)
	at java.lang.reflect.Method.invoke(Unknown Source)
	at org.testng.internal.MethodInvocationHelper.invokeMethod(MethodInvocationHelper.java:104)
	at org.testng.internal.Invoker.invokeMethod(Invoker.java:645)
	at org.testng.internal.Invoker.invokeTestMethod(Invoker.java:851)
	at org.testng.internal.Invoker.invokeTestMethods(Invoker.java:1177)
	at org.testng.internal.TestMethodWorker.invokeTestMethods(TestMethodWorker.java:129)
	at org.testng.internal.TestMethodWorker.run(TestMethodWorker.java:112)
	at org.testng.TestRunner.privateRun(TestRunner.java:756)
	at org.testng.TestRunner.run(TestRunner.java:610)
	at org.testng.SuiteRunner.runTest(SuiteRunner.java:387)
	at org.testng.SuiteRunner.runSequentially(SuiteRunner.java:382)
	at org.testng.SuiteRunner.privateRun(SuiteRunner.java:340)
	at org.testng.SuiteRunner.run(SuiteRunner.java:289)
	at org.testng.SuiteRunnerWorker.runSuite(SuiteRunnerWorker.java:52)
	at org.testng.SuiteRunnerWorker.run(SuiteRunnerWorker.java:86)
	at org.testng.TestNG.runSuitesSequentially(TestNG.java:1293)
	at org.testng.TestNG.runSuitesLocally(TestNG.java:1218)
	at org.testng.TestNG.runSuites(TestNG.java:1133)
	at org.testng.TestNG.run(TestNG.java:1104)
	at com.xenon.core.framework.Xenon.excute(Xenon.java:154)
	at com.client.xenon.framework.DemoAutomation.main(DemoAutomation.java:15)
]]>
    </failure>
  </testcase> <!-- createNoncatalogRequisition -->
  <testcase name="createInvoice" time="0.0" classname="com.client.xenon.tests.P2PTestCases">
    <ignored/>
  </testcase> <!-- createInvoice -->
  <testcase name="createAccounting" time="0.0" classname="com.client.xenon.tests.P2PTestCases">
    <ignored/>
  </testcase> <!-- createAccounting -->
  <testcase name="validateAccountingNonPOInvoice" time="0.0" classname="com.client.xenon.tests.P2PTestCases">
    <ignored/>
  </testcase> <!-- validateAccountingNonPOInvoice -->
  <testcase name="createBatchPaymentForInvoice" time="0.0" classname="com.client.xenon.tests.P2PTestCases">
    <ignored/>
  </testcase> <!-- createBatchPaymentForInvoice -->
  <testcase name="receiveItems" time="0.0" classname="com.client.xenon.tests.P2PTestCases">
    <ignored/>
  </testcase> <!-- receiveItems -->
  <testcase name="processRequisition" time="0.0" classname="com.client.xenon.tests.P2PTestCases">
    <ignored/>
  </testcase> <!-- processRequisition -->
  <testcase name="requestPRApproval" time="0.0" classname="com.client.xenon.tests.P2PTestCases">
    <ignored/>
  </testcase> <!-- requestPRApproval -->
</testsuite> <!-- DemoAutomation -->
