<html>
<head>
<title>TestNG:  DemoAutomation</title>
<link href="../testng.css" rel="stylesheet" type="text/css" />
<link href="../my-testng.css" rel="stylesheet" type="text/css" />

<style type="text/css">
.log { display: none;} 
.stack-trace { display: none;} 
</style>
<script type="text/javascript">
<!--
function flip(e) {
  current = e.style.display;
  if (current == 'block') {
    e.style.display = 'none';
    return 0;
  }
  else {
    e.style.display = 'block';
    return 1;
  }
}

function toggleBox(szDivId, elem, msg1, msg2)
{
  var res = -1;  if (document.getElementById) {
    res = flip(document.getElementById(szDivId));
  }
  else if (document.all) {
    // this is the way old msie versions work
    res = flip(document.all[szDivId]);
  }
  if(elem) {
    if(res == 0) elem.innerHTML = msg1; else elem.innerHTML = msg2;
  }

}

function toggleAllBoxes() {
  if (document.getElementsByTagName) {
    d = document.getElementsByTagName('div');
    for (i = 0; i < d.length; i++) {
      if (d[i].className == 'log') {
        flip(d[i]);
      }
    }
  }
}

// -->
</script>

</head>
<body>
<h2 align='center'>DemoAutomation</h2><table border='1' align="center">
<tr>
<td>Tests passed/Failed/Skipped:</td><td>3/1/0</td>
</tr><tr>
<td>Started on:</td><td>Sat Jan 30 17:17:10 UTC 2021</td>
</tr>
<tr><td>Total time:</td><td>364 seconds (364889 ms)</td>
</tr><tr>
<td>Included groups:</td><td></td>
</tr><tr>
<td>Excluded groups:</td><td></td>
</tr>
</table><p/>
<small><i>(Hover the method name to see the test class name)</i></small><p/>
<table width='100%' border='1' class='invocation-failed'>
<tr><td colspan='4' align='center'><b>FAILED TESTS</b></td></tr>
<tr><td><b>Test method</b></td>
<td width="30%"><b>Exception</b></td>
<td width="10%"><b>Time (seconds)</b></td>
<td><b>Instance</b></td>
</tr>
<tr>
<td title='com.client.xenon.tests.AccountToOpportunityFlow.convertLeadtoOpportunity()'><b>convertLeadtoOpportunity</b><br>Test class: com.client.xenon.tests.AccountToOpportunityFlow<br>Test method: Convert a lead to create account,contact,opportunity</td>
<td><div><pre>java.lang.AssertionError: Verification error
	at org.testng.Assert.fail(Assert.java:94)
	at com.client.xenon.operations.PageObjects.convertLeadToOpportunity(PageObjects.java:351)
	at com.client.xenon.tests.AccountToOpportunityFlow.convertLeadtoOpportunity(AccountToOpportunityFlow.java:63)
	at sun.reflect.NativeMethodAccessorImpl.invoke0(Native Method)
	at sun.reflect.NativeMethodAccessorImpl.invoke(NativeMethodAccessorImpl.java:62)
	at sun.reflect.DelegatingMethodAccessorImpl.invoke(DelegatingMethodAccessorImpl.java:43)
	at java.lang.reflect.Method.invoke(Method.java:498)
	at org.testng.internal.MethodInvocationHelper.invokeMethod(MethodInvocationHelper.java:104)
	at org.testng.internal.Invoker.invokeMethod(Invoker.java:645)
	at org.testng.internal.Invoker.invokeTestMethod(Invoker.java:851)
	at org.testng.internal.Invoker.invokeTestMethods(Invoker.java:1177)
	at org.testng.internal.TestMethodWorker.invokeTestMethods(TestMethodWorker.java:129)
	at org.testng.internal.TestMethodWorker.run(TestMethodWorker.java:112)
	at org.testng.TestRunner.privateRun(TestRunner.java:756)
	at org.testng.TestRunner.run(TestRunner.java:610)
	at org.testng.SuiteRunner.runTest(SuiteRunner.java:387)
	at org.testng.SuiteRunner.runSequentially(SuiteRunner.java:382)
	at org.testng.SuiteRunner.privateRun(SuiteRunner.java:340)
	at org.testng.SuiteRunner.run(SuiteRunner.java:289)
	at org.testng.SuiteRunnerWorker.runSuite(SuiteRunnerWorker.java:52)
	at org.testng.SuiteRunnerWorker.run(SuiteRunnerWorker.java:86)
	at org.testng.TestNG.runSuitesSequentially(TestNG.java:1293)
	at org.testng.TestNG.runSuitesLocally(TestNG.java:1218)
	at org.testng.TestNG.runSuites(TestNG.java:1133)
	at org.testng.TestNG.run(TestNG.java:1104)
	at com.xenon.core.framework.Xenon.excute(Xenon.java:173)
	at com.client.xenon.framework.DemoAutomation.main(DemoAutomation.java:15)
</pre></div><a href='#' onClick='toggleBox("stack-trace2085713965", this, "Click to show all stack frames", "Click to hide stack frames")'>Click to show all stack frames</a>
<div class='stack-trace' id='stack-trace2085713965'><pre>java.lang.AssertionError: Verification error
	at org.testng.Assert.fail(Assert.java:94)
	at com.client.xenon.operations.PageObjects.convertLeadToOpportunity(PageObjects.java:351)
	at com.client.xenon.tests.AccountToOpportunityFlow.convertLeadtoOpportunity(AccountToOpportunityFlow.java:63)
	at sun.reflect.NativeMethodAccessorImpl.invoke0(Native Method)
	at sun.reflect.NativeMethodAccessorImpl.invoke(NativeMethodAccessorImpl.java:62)
	at sun.reflect.DelegatingMethodAccessorImpl.invoke(DelegatingMethodAccessorImpl.java:43)
	at java.lang.reflect.Method.invoke(Method.java:498)
	at org.testng.internal.MethodInvocationHelper.invokeMethod(MethodInvocationHelper.java:104)
	at org.testng.internal.Invoker.invokeMethod(Invoker.java:645)
	at org.testng.internal.Invoker.invokeTestMethod(Invoker.java:851)
	at org.testng.internal.Invoker.invokeTestMethods(Invoker.java:1177)
	at org.testng.internal.TestMethodWorker.invokeTestMethods(TestMethodWorker.java:129)
	at org.testng.internal.TestMethodWorker.run(TestMethodWorker.java:112)
	at org.testng.TestRunner.privateRun(TestRunner.java:756)
	at org.testng.TestRunner.run(TestRunner.java:610)
	at org.testng.SuiteRunner.runTest(SuiteRunner.java:387)
	at org.testng.SuiteRunner.runSequentially(SuiteRunner.java:382)
	at org.testng.SuiteRunner.privateRun(SuiteRunner.java:340)
	at org.testng.SuiteRunner.run(SuiteRunner.java:289)
	at org.testng.SuiteRunnerWorker.runSuite(SuiteRunnerWorker.java:52)
	at org.testng.SuiteRunnerWorker.run(SuiteRunnerWorker.java:86)
	at org.testng.TestNG.runSuitesSequentially(TestNG.java:1293)
	at org.testng.TestNG.runSuitesLocally(TestNG.java:1218)
	at org.testng.TestNG.runSuites(TestNG.java:1133)
	at org.testng.TestNG.run(TestNG.java:1104)
	at com.xenon.core.framework.Xenon.excute(Xenon.java:173)
	at com.client.xenon.framework.DemoAutomation.main(DemoAutomation.java:15)
</pre></div></td>
<td>211</td>
<td>com.client.xenon.tests.AccountToOpportunityFlow@7ba8c737</td></tr>
</table><p>
<table width='100%' border='1' class='invocation-passed'>
<tr><td colspan='4' align='center'><b>PASSED TESTS</b></td></tr>
<tr><td><b>Test method</b></td>
<td width="30%"><b>Exception</b></td>
<td width="10%"><b>Time (seconds)</b></td>
<td><b>Instance</b></td>
</tr>
<tr>
<td title='com.client.xenon.tests.AccountToOpportunityFlow.createCampaign()'><b>createCampaign</b><br>Test class: com.client.xenon.tests.AccountToOpportunityFlow<br>Test method: Create campaign Salesforce</td>
<td></td>
<td>66</td>
<td>com.client.xenon.tests.AccountToOpportunityFlow@7ba8c737</td></tr>
<tr>
<td title='com.client.xenon.tests.AccountToOpportunityFlow.createLeadFromCampaign()'><b>createLeadFromCampaign</b><br>Test class: com.client.xenon.tests.AccountToOpportunityFlow<br>Test method: Create lead from campaign in Salesforce</td>
<td></td>
<td>31</td>
<td>com.client.xenon.tests.AccountToOpportunityFlow@7ba8c737</td></tr>
<tr>
<td title='com.client.xenon.tests.AccountToOpportunityFlow.verificationCheck()'><b>verificationCheck</b><br>Test class: com.client.xenon.tests.AccountToOpportunityFlow<br>Test method: Verification check</td>
<td></td>
<td>51</td>
<td>com.client.xenon.tests.AccountToOpportunityFlow@7ba8c737</td></tr>
</table><p>
</body>
</html>